# JRE version: Java(TM) SE Runtime Environment (8.0_05-b13) (build 1.8.0_05-b13)
# Java VM: Java HotSpot(TM) 64-Bit Server VM (25.5-b02 mixed mode windows-amd64 compressed oops)
Heap:
 PSYoungGen      total 1536K, used 916K [0x00000000ed700000, 0x00000000ed900000, 0x0000000100000000)
  eden space 1024K, 39% used [0x00000000ed700000,0x00000000ed7650f0,0x00000000ed800000)
  from space 512K, 100% used [0x00000000ed800000,0x00000000ed880000,0x00000000ed880000)
  to   space 512K, 0% used [0x00000000ed880000,0x00000000ed880000,0x00000000ed900000)
 ParOldGen       total 55808K, used 567K [0x00000000c8400000, 0x00000000cba80000, 0x00000000ed700000)
  object space 55808K, 1% used [0x00000000c8400000,0x00000000c848dfa8,0x00000000cba80000)
 Metaspace       used 4482K, capacity 4908K, committed 5248K, reserved 1056768K
  class space    used 518K, capacity 532K, committed 640K, reserved 1048576K
GC Heap History (10 events):
Event: 8.748 GC heap before
{Heap before GC invocations=1 (full 0):
 PSYoungGen      total 1024K, used 512K [0x00000000ed700000, 0x00000000ed880000, 0x0000000100000000)
  eden space 512K, 100% used [0x00000000ed700000,0x00000000ed780000,0x00000000ed780000)
  from space 512K, 0% used [0x00000000ed800000,0x00000000ed800000,0x00000000ed880000)
  to   space 512K, 0% used [0x00000000ed780000,0x00000000ed780000,0x00000000ed800000)
 ParOldGen       total 55808K, used 0K [0x00000000c8400000, 0x00000000cba80000, 0x00000000ed700000)
  object space 55808K, 0% used [0x00000000c8400000,0x00000000c8400000,0x00000000cba80000)
 Metaspace       used 2522K, capacity 4480K, committed 4480K, reserved 1056768K
  class space    used 273K, capacity 384K, committed 384K, reserved 1048576K
Event: 8.921 GC heap after
Heap after GC invocations=1 (full 0):
 PSYoungGen      total 1024K, used 448K [0x00000000ed700000, 0x00000000ed900000, 0x0000000100000000)
  eden space 512K, 0% used [0x00000000ed700000,0x00000000ed700000,0x00000000ed780000)
  from space 512K, 87% used [0x00000000ed780000,0x00000000ed7f0020,0x00000000ed800000)
  to   space 512K, 0% used [0x00000000ed880000,0x00000000ed880000,0x00000000ed900000)
 ParOldGen       total 55808K, used 0K [0x00000000c8400000, 0x00000000cba80000, 0x00000000ed700000)
  object space 55808K, 0% used [0x00000000c8400000,0x00000000c8400000,0x00000000cba80000)
 Metaspace       used 2522K, capacity 4480K, committed 4480K, reserved 1056768K
  class space    used 273K, capacity 384K, committed 384K, reserved 1048576K
}
Event: 10.737 GC heap before
{Heap before GC invocations=2 (full 0):
 PSYoungGen      total 1024K, used 960K [0x00000000ed700000, 0x00000000ed900000, 0x0000000100000000)
  eden space 512K, 100% used [0x00000000ed700000,0x00000000ed780000,0x00000000ed780000)
  from space 512K, 87% used [0x00000000ed780000,0x00000000ed7f0020,0x00000000ed800000)
  to   space 512K, 0% used [0x00000000ed880000,0x00000000ed880000,0x00000000ed900000)
 ParOldGen       total 55808K, used 0K [0x00000000c8400000, 0x00000000cba80000, 0x00000000ed700000)
  object space 55808K, 0% used [0x00000000c8400000,0x00000000c8400000,0x00000000cba80000)
 Metaspace       used 2953K, capacity 4496K, committed 4864K, reserved 1056768K
  class space    used 321K, capacity 388K, committed 512K, reserved 1048576K
Event: 10.739 GC heap after
Heap after GC invocations=2 (full 0):
 PSYoungGen      total 1024K, used 512K [0x00000000ed700000, 0x00000000ed900000, 0x0000000100000000)
  eden space 512K, 0% used [0x00000000ed700000,0x00000000ed700000,0x00000000ed780000)
  from space 512K, 100% used [0x00000000ed880000,0x00000000ed900000,0x00000000ed900000)
  to   space 512K, 0% used [0x00000000ed780000,0x00000000ed780000,0x00000000ed800000)
 ParOldGen       total 55808K, used 40K [0x00000000c8400000, 0x00000000cba80000, 0x00000000ed700000)
  object space 55808K, 0% used [0x00000000c8400000,0x00000000c840a000,0x00000000cba80000)
 Metaspace       used 2953K, capacity 4496K, committed 4864K, reserved 1056768K
  class space    used 321K, capacity 388K, committed 512K, reserved 1048576K
}
Event: 11.228 GC heap before
{Heap before GC invocations=3 (full 0):
 PSYoungGen      total 1024K, used 1016K [0x00000000ed700000, 0x00000000ed900000, 0x0000000100000000)
  eden space 512K, 98% used [0x00000000ed700000,0x00000000ed77e1c8,0x00000000ed780000)
  from space 512K, 100% used [0x00000000ed880000,0x00000000ed900000,0x00000000ed900000)
  to   space 512K, 0% used [0x00000000ed780000,0x00000000ed780000,0x00000000ed800000)
 ParOldGen       total 55808K, used 40K [0x00000000c8400000, 0x00000000cba80000, 0x00000000ed700000)
  object space 55808K, 0% used [0x00000000c8400000,0x00000000c840a000,0x00000000cba80000)
 Metaspace       used 3277K, capacity 4664K, committed 4864K, reserved 1056768K
  class space    used 361K, capacity 424K, committed 512K, reserved 1048576K
Event: 11.235 GC heap after
Heap after GC invocations=3 (full 0):
 PSYoungGen      total 1024K, used 496K [0x00000000ed700000, 0x00000000ed900000, 0x0000000100000000)
  eden space 512K, 0% used [0x00000000ed700000,0x00000000ed700000,0x00000000ed780000)
  from space 512K, 96% used [0x00000000ed780000,0x00000000ed7fc010,0x00000000ed800000)
  to   space 512K, 0% used [0x00000000ed880000,0x00000000ed880000,0x00000000ed900000)
 ParOldGen       total 55808K, used 182K [0x00000000c8400000, 0x00000000cba80000, 0x00000000ed700000)
  object space 55808K, 0% used [0x00000000c8400000,0x00000000c842d9c8,0x00000000cba80000)
 Metaspace       used 3277K, capacity 4664K, committed 4864K, reserved 1056768K
  class space    used 361K, capacity 424K, committed 512K, reserved 1048576K
}
Event: 11.377 GC heap before
{Heap before GC invocations=4 (full 0):
 PSYoungGen      total 1024K, used 1008K [0x00000000ed700000, 0x00000000ed900000, 0x0000000100000000)
  eden space 512K, 100% used [0x00000000ed700000,0x00000000ed780000,0x00000000ed780000)
  from space 512K, 96% used [0x00000000ed780000,0x00000000ed7fc010,0x00000000ed800000)
  to   space 512K, 0% used [0x00000000ed880000,0x00000000ed880000,0x00000000ed900000)
 ParOldGen       total 55808K, used 182K [0x00000000c8400000, 0x00000000cba80000, 0x00000000ed700000)
  object space 55808K, 0% used [0x00000000c8400000,0x00000000c842d9c8,0x00000000cba80000)
 Metaspace       used 3388K, capacity 4728K, committed 4864K, reserved 1056768K
  class space    used 375K, capacity 424K, committed 512K, reserved 1048576K
Event: 11.394 GC heap after
Heap after GC invocations=4 (full 0):
 PSYoungGen      total 1536K, used 512K [0x00000000ed700000, 0x00000000ed900000, 0x0000000100000000)
  eden space 1024K, 0% used [0x00000000ed700000,0x00000000ed700000,0x00000000ed800000)
  from space 512K, 100% used [0x00000000ed880000,0x00000000ed900000,0x00000000ed900000)
  to   space 512K, 0% used [0x00000000ed800000,0x00000000ed800000,0x00000000ed880000)
 ParOldGen       total 55808K, used 262K [0x00000000c8400000, 0x00000000cba80000, 0x00000000ed700000)
  object space 55808K, 0% used [0x00000000c8400000,0x00000000c8441958,0x00000000cba80000)
 Metaspace       used 3388K, capacity 4728K, committed 4864K, reserved 1056768K
  class space    used 375K, capacity 424K, committed 512K, reserved 1048576K
}
Event: 13.953 GC heap before
{Heap before GC invocations=5 (full 0):
 PSYoungGen      total 1536K, used 1536K [0x00000000ed700000, 0x00000000ed900000, 0x0000000100000000)
  eden space 1024K, 100% used [0x00000000ed700000,0x00000000ed800000,0x00000000ed800000)
  from space 512K, 100% used [0x00000000ed880000,0x00000000ed900000,0x00000000ed900000)
  to   space 512K, 0% used [0x00000000ed800000,0x00000000ed800000,0x00000000ed880000)
 ParOldGen       total 55808K, used 262K [0x00000000c8400000, 0x00000000cba80000, 0x00000000ed700000)
  object space 55808K, 0% used [0x00000000c8400000,0x00000000c8441958,0x00000000cba80000)
 Metaspace       used 4443K, capacity 4908K, committed 5248K, reserved 1056768K
  class space    used 513K, capacity 532K, committed 640K, reserved 1048576K
Event: 13.956 GC heap after
Heap after GC invocations=5 (full 0):
 PSYoungGen      total 1536K, used 512K [0x00000000ed700000, 0x00000000ed900000, 0x0000000100000000)
  eden space 1024K, 0% used [0x00000000ed700000,0x00000000ed700000,0x00000000ed800000)
  from space 512K, 100% used [0x00000000ed800000,0x00000000ed880000,0x00000000ed880000)
  to   space 512K, 0% used [0x00000000ed880000,0x00000000ed880000,0x00000000ed900000)
 ParOldGen       total 55808K, used 567K [0x00000000c8400000, 0x00000000cba80000, 0x00000000ed700000)
  object space 55808K, 1% used [0x00000000c8400000,0x00000000c848dfa8,0x00000000cba80000)
 Metaspace       used 4443K, capacity 4908K, committed 5248K, reserved 1056768K
  class space    used 513K, capacity 532K, committed 640K, reserved 1048576K
}

